<?xml version="1.0" encoding="UTF-8"?>
<testsuite name="Github.AppTest" tests="1" skipped="0" failures="0" errors="0" timestamp="2021-04-11T19:01:07" hostname="DESKTOP-C1LIJ5L" time="0.019">
  <properties/>
  <testcase name="appHasAGreeting()" classname="Github.AppTest" time="0.019"/>
  <system-out><![CDATA[]]></system-out>
  <system-err><![CDATA[]]></system-err>
</testsuite>
